This file contains any messages produced by compilers while
running configure, to aid debugging if configure makes a mistake.

It was created by clpAPI configure 1.2.10, which was
generated by GNU Autoconf 2.69.  Invocation command line was

  $ ./configure 

## --------- ##
## Platform. ##
## --------- ##

hostname = debian
uname -m = x86_64
uname -r = 4.9.0-9-amd64
uname -s = Linux
uname -v = #1 SMP Debian 4.9.168-1+deb9u2 (2019-05-13)

/usr/bin/uname -p = unknown
/bin/uname -X     = unknown

/bin/arch              = unknown
/usr/bin/arch -k       = unknown
/usr/convex/getsysinfo = unknown
/usr/bin/hostinfo      = unknown
/bin/machine           = unknown
/usr/bin/oslevel       = unknown
/bin/universe          = unknown

PATH: /usr/local/bin
PATH: /usr/bin
PATH: /bin
PATH: /usr/local/games
PATH: /usr/games
PATH: /opt/gurobi801/linux64/bin


## ----------- ##
## Core tests. ##
## ----------- ##

configure:2113: checking for gcc
configure:2140: result: gcc -std=gnu99
configure:2369: checking for C compiler version
configure:2378: gcc -std=gnu99 --version >&5
gcc (Debian 6.3.0-18+deb9u1) 6.3.0 20170516
Copyright (C) 2016 Free Software Foundation, Inc.
This is free software; see the source for copying conditions.  There is NO
warranty; not even for MERCHANTABILITY or FITNESS FOR A PARTICULAR PURPOSE.

configure:2389: $? = 0
configure:2378: gcc -std=gnu99 -v >&5
Using built-in specs.
COLLECT_GCC=gcc
COLLECT_LTO_WRAPPER=/usr/lib/gcc/x86_64-linux-gnu/6/lto-wrapper
Target: x86_64-linux-gnu
Configured with: ../src/configure -v --with-pkgversion='Debian 6.3.0-18+deb9u1' --with-bugurl=file:///usr/share/doc/gcc-6/README.Bugs --enable-languages=c,ada,c++,java,go,d,fortran,objc,obj-c++ --prefix=/usr --program-suffix=-6 --program-prefix=x86_64-linux-gnu- --enable-shared --enable-linker-build-id --libexecdir=/usr/lib --without-included-gettext --enable-threads=posix --libdir=/usr/lib --enable-nls --with-sysroot=/ --enable-clocale=gnu --enable-libstdcxx-debug --enable-libstdcxx-time=yes --with-default-libstdcxx-abi=new --enable-gnu-unique-object --disable-vtable-verify --enable-libmpx --enable-plugin --enable-default-pie --with-system-zlib --disable-browser-plugin --enable-java-awt=gtk --enable-gtk-cairo --with-java-home=/usr/lib/jvm/java-1.5.0-gcj-6-amd64/jre --enable-java-home --with-jvm-root-dir=/usr/lib/jvm/java-1.5.0-gcj-6-amd64 --with-jvm-jar-dir=/usr/lib/jvm-exports/java-1.5.0-gcj-6-amd64 --with-arch-directory=amd64 --with-ecj-jar=/usr/share/java/eclipse-ecj.jar --with-target-system-zlib --enable-objc-gc=auto --enable-multiarch --with-arch-32=i686 --with-abi=m64 --with-multilib-list=m32,m64,mx32 --enable-multilib --with-tune=generic --enable-checking=release --build=x86_64-linux-gnu --host=x86_64-linux-gnu --target=x86_64-linux-gnu
Thread model: posix
gcc version 6.3.0 20170516 (Debian 6.3.0-18+deb9u1) 
configure:2389: $? = 0
configure:2378: gcc -std=gnu99 -V >&5
gcc: error: unrecognized command line option '-V'
gcc: fatal error: no input files
compilation terminated.
configure:2389: $? = 1
configure:2378: gcc -std=gnu99 -qversion >&5
gcc: error: unrecognized command line option '-qversion'; did you mean '--version'?
gcc: fatal error: no input files
compilation terminated.
configure:2389: $? = 1
configure:2409: checking whether the C compiler works
configure:2431: gcc -std=gnu99 -g -O2 -fdebug-prefix-map=/build/r-base-3.3.3=. -fstack-protector-strong -Wformat -Werror=format-security -Wdate-time -D_FORTIFY_SOURCE=2 -g   conftest.c  >&5
configure:2435: $? = 0
configure:2483: result: yes
configure:2486: checking for C compiler default output file name
configure:2488: result: a.out
configure:2494: checking for suffix of executables
configure:2501: gcc -std=gnu99 -o conftest -g -O2 -fdebug-prefix-map=/build/r-base-3.3.3=. -fstack-protector-strong -Wformat -Werror=format-security -Wdate-time -D_FORTIFY_SOURCE=2 -g   conftest.c  >&5
configure:2505: $? = 0
configure:2527: result: 
configure:2549: checking whether we are cross compiling
configure:2557: gcc -std=gnu99 -o conftest -g -O2 -fdebug-prefix-map=/build/r-base-3.3.3=. -fstack-protector-strong -Wformat -Werror=format-security -Wdate-time -D_FORTIFY_SOURCE=2 -g   conftest.c  >&5
configure:2561: $? = 0
configure:2568: ./conftest
configure:2572: $? = 0
configure:2587: result: no
configure:2592: checking for suffix of object files
configure:2614: gcc -std=gnu99 -c -g -O2 -fdebug-prefix-map=/build/r-base-3.3.3=. -fstack-protector-strong -Wformat -Werror=format-security -Wdate-time -D_FORTIFY_SOURCE=2 -g  conftest.c >&5
configure:2618: $? = 0
configure:2639: result: o
configure:2643: checking whether we are using the GNU C compiler
configure:2662: gcc -std=gnu99 -c -g -O2 -fdebug-prefix-map=/build/r-base-3.3.3=. -fstack-protector-strong -Wformat -Werror=format-security -Wdate-time -D_FORTIFY_SOURCE=2 -g  conftest.c >&5
configure:2662: $? = 0
configure:2671: result: yes
configure:2680: checking whether gcc -std=gnu99 accepts -g
configure:2700: gcc -std=gnu99 -c -g  conftest.c >&5
configure:2700: $? = 0
configure:2741: result: yes
configure:2758: checking for gcc -std=gnu99 option to accept ISO C89
configure:2821: gcc -std=gnu99  -c -g -O2 -fdebug-prefix-map=/build/r-base-3.3.3=. -fstack-protector-strong -Wformat -Werror=format-security -Wdate-time -D_FORTIFY_SOURCE=2 -g  conftest.c >&5
configure:2821: $? = 0
configure:2834: result: none needed
configure:2859: checking how to run the C preprocessor
configure:2929: result: gcc -std=gnu99 -E
configure:2949: gcc -std=gnu99 -E  conftest.c
configure:2949: $? = 0
configure:2963: gcc -std=gnu99 -E  conftest.c
conftest.c:9:28: fatal error: ac_nonexistent.h: No such file or directory
 #include <ac_nonexistent.h>
                            ^
compilation terminated.
configure:2963: $? = 1
configure: failed program was:
| /* confdefs.h */
| #define PACKAGE_NAME "clpAPI"
| #define PACKAGE_TARNAME "clpapi"
| #define PACKAGE_VERSION "1.2.10"
| #define PACKAGE_STRING "clpAPI 1.2.10"
| #define PACKAGE_BUGREPORT "mayo.roettger@hhu.de"
| #define PACKAGE_URL ""
| /* end confdefs.h.  */
| #include <ac_nonexistent.h>
configure:3323: checking for grep that handles long lines and -e
configure:3381: result: /bin/grep
configure:3386: checking for egrep
configure:3448: result: /bin/grep -E
configure:3453: checking for ANSI C header files
configure:3473: gcc -std=gnu99 -c -g -O2 -fdebug-prefix-map=/build/r-base-3.3.3=. -fstack-protector-strong -Wformat -Werror=format-security -Wdate-time -D_FORTIFY_SOURCE=2 -g   -I/home/mayo/Clp-1.17.2/include/coin conftest.c >&5
configure:3473: $? = 0
configure:3546: gcc -std=gnu99 -o conftest -g -O2 -fdebug-prefix-map=/build/r-base-3.3.3=. -fstack-protector-strong -Wformat -Werror=format-security -Wdate-time -D_FORTIFY_SOURCE=2 -g   -I/home/mayo/Clp-1.17.2/include/coin  conftest.c -L/home/mayo/Clp-1.17.2/lib -lClp -lCoinUtils -lm >&5
configure:3546: $? = 0
configure:3546: ./conftest
configure:3546: $? = 0
configure:3557: result: yes
configure:3570: checking for sys/types.h
configure:3570: gcc -std=gnu99 -c -g -O2 -fdebug-prefix-map=/build/r-base-3.3.3=. -fstack-protector-strong -Wformat -Werror=format-security -Wdate-time -D_FORTIFY_SOURCE=2 -g   -I/home/mayo/Clp-1.17.2/include/coin conftest.c >&5
configure:3570: $? = 0
configure:3570: result: yes
configure:3570: checking for sys/stat.h
configure:3570: gcc -std=gnu99 -c -g -O2 -fdebug-prefix-map=/build/r-base-3.3.3=. -fstack-protector-strong -Wformat -Werror=format-security -Wdate-time -D_FORTIFY_SOURCE=2 -g   -I/home/mayo/Clp-1.17.2/include/coin conftest.c >&5
configure:3570: $? = 0
configure:3570: result: yes
configure:3570: checking for stdlib.h
configure:3570: gcc -std=gnu99 -c -g -O2 -fdebug-prefix-map=/build/r-base-3.3.3=. -fstack-protector-strong -Wformat -Werror=format-security -Wdate-time -D_FORTIFY_SOURCE=2 -g   -I/home/mayo/Clp-1.17.2/include/coin conftest.c >&5
configure:3570: $? = 0
configure:3570: result: yes
configure:3570: checking for string.h
configure:3570: gcc -std=gnu99 -c -g -O2 -fdebug-prefix-map=/build/r-base-3.3.3=. -fstack-protector-strong -Wformat -Werror=format-security -Wdate-time -D_FORTIFY_SOURCE=2 -g   -I/home/mayo/Clp-1.17.2/include/coin conftest.c >&5
configure:3570: $? = 0
configure:3570: result: yes
configure:3570: checking for memory.h
configure:3570: gcc -std=gnu99 -c -g -O2 -fdebug-prefix-map=/build/r-base-3.3.3=. -fstack-protector-strong -Wformat -Werror=format-security -Wdate-time -D_FORTIFY_SOURCE=2 -g   -I/home/mayo/Clp-1.17.2/include/coin conftest.c >&5
configure:3570: $? = 0
configure:3570: result: yes
configure:3570: checking for strings.h
configure:3570: gcc -std=gnu99 -c -g -O2 -fdebug-prefix-map=/build/r-base-3.3.3=. -fstack-protector-strong -Wformat -Werror=format-security -Wdate-time -D_FORTIFY_SOURCE=2 -g   -I/home/mayo/Clp-1.17.2/include/coin conftest.c >&5
configure:3570: $? = 0
configure:3570: result: yes
configure:3570: checking for inttypes.h
configure:3570: gcc -std=gnu99 -c -g -O2 -fdebug-prefix-map=/build/r-base-3.3.3=. -fstack-protector-strong -Wformat -Werror=format-security -Wdate-time -D_FORTIFY_SOURCE=2 -g   -I/home/mayo/Clp-1.17.2/include/coin conftest.c >&5
configure:3570: $? = 0
configure:3570: result: yes
configure:3570: checking for stdint.h
configure:3570: gcc -std=gnu99 -c -g -O2 -fdebug-prefix-map=/build/r-base-3.3.3=. -fstack-protector-strong -Wformat -Werror=format-security -Wdate-time -D_FORTIFY_SOURCE=2 -g   -I/home/mayo/Clp-1.17.2/include/coin conftest.c >&5
configure:3570: $? = 0
configure:3570: result: yes
configure:3570: checking for unistd.h
configure:3570: gcc -std=gnu99 -c -g -O2 -fdebug-prefix-map=/build/r-base-3.3.3=. -fstack-protector-strong -Wformat -Werror=format-security -Wdate-time -D_FORTIFY_SOURCE=2 -g   -I/home/mayo/Clp-1.17.2/include/coin conftest.c >&5
configure:3570: $? = 0
configure:3570: result: yes
configure:3584: checking stdbool.h usability
configure:3584: gcc -std=gnu99 -c -g -O2 -fdebug-prefix-map=/build/r-base-3.3.3=. -fstack-protector-strong -Wformat -Werror=format-security -Wdate-time -D_FORTIFY_SOURCE=2 -g   -I/home/mayo/Clp-1.17.2/include/coin conftest.c >&5
configure:3584: $? = 0
configure:3584: result: yes
configure:3584: checking stdbool.h presence
configure:3584: gcc -std=gnu99 -E  -I/home/mayo/Clp-1.17.2/include/coin conftest.c
configure:3584: $? = 0
configure:3584: result: yes
configure:3584: checking for stdbool.h
configure:3584: result: yes
configure:3597: checking for Clp_C_Interface.h
configure:3597: gcc -std=gnu99 -c -g -O2 -fdebug-prefix-map=/build/r-base-3.3.3=. -fstack-protector-strong -Wformat -Werror=format-security -Wdate-time -D_FORTIFY_SOURCE=2 -g   -I/home/mayo/Clp-1.17.2/include/coin conftest.c >&5
configure:3597: $? = 0
configure:3597: result: yes
configure:3612: checking for library containing Clp_newModel
configure:3643: gcc -std=gnu99 -o conftest -g -O2 -fdebug-prefix-map=/build/r-base-3.3.3=. -fstack-protector-strong -Wformat -Werror=format-security -Wdate-time -D_FORTIFY_SOURCE=2 -g   -I/home/mayo/Clp-1.17.2/include/coin  conftest.c -L/home/mayo/Clp-1.17.2/lib -lClp -lCoinUtils -lm >&5
configure:3643: $? = 0
configure:3660: result: none required
configure:3675: checking for library containing Clp_setRowName
configure:3706: gcc -std=gnu99 -o conftest -g -O2 -fdebug-prefix-map=/build/r-base-3.3.3=. -fstack-protector-strong -Wformat -Werror=format-security -Wdate-time -D_FORTIFY_SOURCE=2 -g   -I/home/mayo/Clp-1.17.2/include/coin  conftest.c -L/home/mayo/Clp-1.17.2/lib -lClp -lCoinUtils -lm >&5
configure:3706: $? = 0
configure:3723: result: none required
configure:3863: creating ./config.status

## ---------------------- ##
## Running config.status. ##
## ---------------------- ##

This file was extended by clpAPI config.status 1.2.10, which was
generated by GNU Autoconf 2.69.  Invocation command line was

  CONFIG_FILES    = 
  CONFIG_HEADERS  = 
  CONFIG_LINKS    = 
  CONFIG_COMMANDS = 
  $ ./config.status 

on debian

config.status:805: creating src/Makevars
config.status:805: creating src/config.h
config.status:975: src/config.h is unchanged

## ---------------- ##
## Cache variables. ##
## ---------------- ##

ac_cv_c_compiler_gnu=yes
ac_cv_env_CC_set=
ac_cv_env_CC_value=
ac_cv_env_CFLAGS_set=
ac_cv_env_CFLAGS_value=
ac_cv_env_CPPFLAGS_set=
ac_cv_env_CPPFLAGS_value=
ac_cv_env_CPP_set=
ac_cv_env_CPP_value=
ac_cv_env_LDFLAGS_set=
ac_cv_env_LDFLAGS_value=
ac_cv_env_LIBS_set=
ac_cv_env_LIBS_value=
ac_cv_env_build_alias_set=
ac_cv_env_build_alias_value=
ac_cv_env_host_alias_set=
ac_cv_env_host_alias_value=
ac_cv_env_target_alias_set=
ac_cv_env_target_alias_value=
ac_cv_header_Clp_C_Interface_h=yes
ac_cv_header_inttypes_h=yes
ac_cv_header_memory_h=yes
ac_cv_header_stdbool_h=yes
ac_cv_header_stdc=yes
ac_cv_header_stdint_h=yes
ac_cv_header_stdlib_h=yes
ac_cv_header_string_h=yes
ac_cv_header_strings_h=yes
ac_cv_header_sys_stat_h=yes
ac_cv_header_sys_types_h=yes
ac_cv_header_unistd_h=yes
ac_cv_objext=o
ac_cv_path_EGREP='/bin/grep -E'
ac_cv_path_GREP=/bin/grep
ac_cv_prog_CPP='gcc -std=gnu99 -E'
ac_cv_prog_ac_ct_CC='gcc -std=gnu99'
ac_cv_prog_cc_c89=
ac_cv_prog_cc_g=yes
ac_cv_search_Clp_newModel='none required'
ac_cv_search_Clp_setRowName='none required'

## ----------------- ##
## Output variables. ##
## ----------------- ##

CC='gcc -std=gnu99'
CFLAGS='-g -O2 -fdebug-prefix-map=/build/r-base-3.3.3=. -fstack-protector-strong -Wformat -Werror=format-security -Wdate-time -D_FORTIFY_SOURCE=2 -g '
CPP='gcc -std=gnu99 -E'
CPPFLAGS=' -I/home/mayo/Clp-1.17.2/include/coin'
DEFS='-DHAVE_CONFIG_H'
ECHO_C=''
ECHO_N='-n'
ECHO_T=''
EGREP='/bin/grep -E'
EXEEXT=''
GREP='/bin/grep'
LDFLAGS=''
LIBOBJS=''
LIBS='-L/home/mayo/Clp-1.17.2/lib -lClp -lCoinUtils -lm'
LTLIBOBJS=''
OBJEXT='o'
PACKAGE_BUGREPORT='mayo.roettger@hhu.de'
PACKAGE_NAME='clpAPI'
PACKAGE_STRING='clpAPI 1.2.10'
PACKAGE_TARNAME='clpapi'
PACKAGE_URL=''
PACKAGE_VERSION='1.2.10'
PATH_SEPARATOR=':'
PKG_CFLAGS=''
PKG_CONFIG=''
PKG_CPPFLAGS='-DHAVE_CONFIG_H -I/home/mayo/Clp-1.17.2/include/coin'
PKG_LIBS='-L/home/mayo/Clp-1.17.2/lib -lClp -lCoinUtils -lm'
SHELL='/bin/bash'
ac_ct_CC='gcc -std=gnu99'
ac_prefix_program=''
bindir='${exec_prefix}/bin'
build_alias=''
datadir='${datarootdir}'
datarootdir='${prefix}/share'
docdir='${datarootdir}/doc/${PACKAGE_TARNAME}'
dvidir='${docdir}'
exec_prefix='${prefix}'
host_alias=''
htmldir='${docdir}'
includedir='${prefix}/include'
infodir='${datarootdir}/info'
libdir='${exec_prefix}/lib'
libexecdir='${exec_prefix}/libexec'
localedir='${datarootdir}/locale'
localstatedir='${prefix}/var'
mandir='${datarootdir}/man'
oldincludedir='/usr/include'
pdfdir='${docdir}'
prefix='/usr/local'
program_transform_name='s,x,x,'
psdir='${docdir}'
runstatedir='${localstatedir}/run'
sbindir='${exec_prefix}/sbin'
sharedstatedir='${prefix}/com'
sysconfdir='${prefix}/etc'
target_alias=''

## ----------- ##
## confdefs.h. ##
## ----------- ##

/* confdefs.h */
#define PACKAGE_NAME "clpAPI"
#define PACKAGE_TARNAME "clpapi"
#define PACKAGE_VERSION "1.2.10"
#define PACKAGE_STRING "clpAPI 1.2.10"
#define PACKAGE_BUGREPORT "mayo.roettger@hhu.de"
#define PACKAGE_URL ""
#define STDC_HEADERS 1
#define HAVE_SYS_TYPES_H 1
#define HAVE_SYS_STAT_H 1
#define HAVE_STDLIB_H 1
#define HAVE_STRING_H 1
#define HAVE_MEMORY_H 1
#define HAVE_STRINGS_H 1
#define HAVE_INTTYPES_H 1
#define HAVE_STDINT_H 1
#define HAVE_UNISTD_H 1
#define HAVE_STDBOOL_H 1
#define HAVE_CLP_EXT1_17_2 1

configure: exit 0
